<?xml version="1.0" encoding="UTF-8"?>
<testsuite xmlns:xsi="http://www.w3.org/2001/XMLSchema-instance" xsi:noNamespaceSchemaLocation="https://maven.apache.org/surefire/maven-surefire-plugin/xsd/surefire-test-report.xsd" name="pl.testingcourse.AddressTest" time="0.101" tests="6" errors="0" skipped="0" failures="0">
  <properties>
[...]
</properties>
  <testcase name="givenAddressesFromFileShouldNotBeEmptyAndHaveProperNames{String, String}" classname="pl.testingcourse.AddressTest" time="0.02"/>
  <testcase name="givenAddressesFromFileShouldNotBeEmptyAndHaveProperNames{String, String}" classname="pl.testingcourse.AddressTest" time="0.001"/>
  <testcase name="givenAddressesFromFileShouldNotBeEmptyAndHaveProperNames{String, String}" classname="pl.testingcourse.AddressTest" time="0"/>
  <testcase name="givenAddressesShouldNotBeEmptyAndHaveProperNames{String, String}" classname="pl.testingcourse.AddressTest" time="0"/>
  <testcase name="givenAddressesShouldNotBeEmptyAndHaveProperNames{String, String}" classname="pl.testingcourse.AddressTest" time="0"/>
  <testcase name="givenAddressesShouldNotBeEmptyAndHaveProperNames{String, String}" classname="pl.testingcourse.AddressTest" time="0"/>
</testsuite>